Using pre-set license
Built from '2021.3/china_unity/release' branch; Version is '2021.3.34f1c1 (9b1d5b08fe8a) revision 10165595'; Using compiler version '192829333'; Build Type 'Release'
OS: 'Windows 11  (10.0.22631) 64bit CoreCountrySpecific' Language: 'zh' Physical Memory: 16108 MB
BatchMode: 1, IsHumanControllingUs: 0, StartBugReporterOnCrash: 0, Is64bit: 1, IsPro: 1

COMMAND LINE ARGUMENTS:
D:\unity2019\2021.3.34f1c1\Editor\Unity.exe
-adb2
-batchMode
-noUpm
-name
AssetImportWorker0
-projectPath
D:/Unity/Project/Test/My project (6)
-logFile
Logs/AssetImportWorker0.log
-srvPort
50450
Successfully changed project path to: D:/Unity/Project/Test/My project (6)
D:/Unity/Project/Test/My project (6)
[UnityMemory] Configuration Parameters - Can be set up in boot.config
    "memorysetup-bucket-allocator-granularity=16"
    "memorysetup-bucket-allocator-bucket-count=8"
    "memorysetup-bucket-allocator-block-size=33554432"
    "memorysetup-bucket-allocator-block-count=8"
    "memorysetup-main-allocator-block-size=16777216"
    "memorysetup-thread-allocator-block-size=16777216"
    "memorysetup-gfx-main-allocator-block-size=16777216"
    "memorysetup-gfx-thread-allocator-block-size=16777216"
    "memorysetup-cache-allocator-block-size=4194304"
    "memorysetup-typetree-allocator-block-size=2097152"
    "memorysetup-profiler-bucket-allocator-granularity=16"
    "memorysetup-profiler-bucket-allocator-bucket-count=8"
    "memorysetup-profiler-bucket-allocator-block-size=33554432"
    "memorysetup-profiler-bucket-allocator-block-count=8"
    "memorysetup-profiler-allocator-block-size=16777216"
    "memorysetup-profiler-editor-allocator-block-size=1048576"
    "memorysetup-temp-allocator-size-main=16777216"
    "memorysetup-job-temp-allocator-block-size=2097152"
    "memorysetup-job-temp-allocator-block-size-background=1048576"
    "memorysetup-job-temp-allocator-reduction-small-platforms=262144"
    "memorysetup-temp-allocator-size-background-worker=32768"
    "memorysetup-temp-allocator-size-job-worker=262144"
    "memorysetup-temp-allocator-size-preload-manager=33554432"
    "memorysetup-temp-allocator-size-nav-mesh-worker=65536"
    "memorysetup-temp-allocator-size-audio-worker=65536"
    "memorysetup-temp-allocator-size-cloud-worker=32768"
    "memorysetup-temp-allocator-size-gi-baking-worker=262144"
    "memorysetup-temp-allocator-size-gfx=262144"
Player connection [24072] Host "[IP] 10.240.163.255 [Port] 0 [Flags] 2 [Guid] 987535733 [EditorId] 987535733 [Version] 1048832 [Id] WindowsEditor(7,LAPTOP-A8G1HMC3) [Debug] 1 [PackageName] WindowsEditor [ProjectName] Editor" joined multi-casting on [225.0.0.222:54997]...

Player connection [24072] Host "[IP] 10.240.163.255 [Port] 0 [Flags] 2 [Guid] 987535733 [EditorId] 987535733 [Version] 1048832 [Id] WindowsEditor(7,LAPTOP-A8G1HMC3) [Debug] 1 [PackageName] WindowsEditor [ProjectName] Editor" joined alternative multi-casting on [225.0.0.222:34997]...

AS: AutoStreaming module initializing.
[Physics::Module] Initialized MultithreadedJobDispatcher with {0} workers.
Refreshing native plugins compatible for Editor in 37.75 ms, found 2 plugins.
Preloading 0 native plugins for Editor in 0.00 ms.
Initialize engine version: 2021.3.34f1c1 (9b1d5b08fe8a)
[Subsystems] Discovering subsystems at path D:/unity2019/2021.3.34f1c1/Editor/Data/Resources/UnitySubsystems
[Subsystems] Discovering subsystems at path D:/Unity/Project/Test/My project (6)/Assets
GfxDevice: creating device client; threaded=0; jobified=0
Direct3D:
    Version:  Direct3D 11.0 [level 11.1]
    Renderer: NVIDIA GeForce RTX 3060 Laptop GPU (ID=0x2560)
    Vendor:   NVIDIA
    VRAM:     6023 MB
    Driver:   31.0.15.1700
Initialize mono
Mono path[0] = 'D:/unity2019/2021.3.34f1c1/Editor/Data/Managed'
Mono path[1] = 'D:/unity2019/2021.3.34f1c1/Editor/Data/MonoBleedingEdge/lib/mono/unityjit-win32'
Mono config path = 'D:/unity2019/2021.3.34f1c1/Editor/Data/MonoBleedingEdge/etc'
Using monoOptions --debugger-agent=transport=dt_socket,embedding=1,server=y,suspend=n,address=127.0.0.1:56364
Begin MonoManager ReloadAssembly
Registering precompiled unity dll's ...
Register platform support module: D:/unity2019/2021.3.34f1c1/Editor/Data/PlaybackEngines/WindowsStandaloneSupport/UnityEditor.WindowsStandalone.Extensions.dll
Registered in 0.003651 seconds.
Native extension for WindowsStandalone target not found
Refreshing native plugins compatible for Editor in 23.01 ms, found 2 plugins.
Preloading 0 native plugins for Editor in 0.00 ms.
Mono: successfully reloaded assembly
- Completed reload, in  0.530 seconds
Domain Reload Profiling:
	ReloadAssembly (530ms)
		BeginReloadAssembly (137ms)
			ExecutionOrderSort (0ms)
			DisableScriptedObjects (0ms)
			BackupInstance (0ms)
			ReleaseScriptingObjects (0ms)
			CreateAndSetChildDomain (1ms)
		EndReloadAssembly (303ms)
			LoadAssemblies (129ms)
			RebuildTransferFunctionScriptingTraits (0ms)
			SetupTypeCache (80ms)
			ReleaseScriptCaches (0ms)
			RebuildScriptCaches (18ms)
			SetupLoadedEditorAssemblies (159ms)
				LogAssemblyErrors (0ms)
				InitializePlatformSupportModulesInManaged (6ms)
				SetLoadedEditorAssemblies (0ms)
				RefreshPlugins (23ms)
				BeforeProcessingInitializeOnLoad (1ms)
				ProcessInitializeOnLoadAttributes (93ms)
				ProcessInitializeOnLoadMethodAttributes (36ms)
				AfterProcessingInitializeOnLoad (0ms)
				EditorAssembliesLoaded (0ms)
			ExecutionOrderSort2 (0ms)
			AwakeInstancesAfterBackupRestoration (0ms)
Platform modules already initialized, skipping
Registering precompiled user dll's ...
Registered in 0.008003 seconds.
Begin MonoManager ReloadAssembly
Native extension for WindowsStandalone target not found
Refreshing native plugins compatible for Editor in 22.30 ms, found 2 plugins.
Preloading 0 native plugins for Editor in 0.00 ms.
Package Manager log level set to [2]
[Package Manager] Server::EnsureServerProcessIsRunning -- launch failed, reason: Unity was launched with the -noUpm command-line argument
[Package Manager] Cannot connect to Unity Package Manager local server
Mono: successfully reloaded assembly
- Completed reload, in  1.189 seconds
Domain Reload Profiling:
	ReloadAssembly (1190ms)
		BeginReloadAssembly (135ms)
			ExecutionOrderSort (0ms)
			DisableScriptedObjects (4ms)
			BackupInstance (0ms)
			ReleaseScriptingObjects (0ms)
			CreateAndSetChildDomain (13ms)
		EndReloadAssembly (929ms)
			LoadAssemblies (153ms)
			RebuildTransferFunctionScriptingTraits (0ms)
			SetupTypeCache (135ms)
			ReleaseScriptCaches (0ms)
			RebuildScriptCaches (27ms)
			SetupLoadedEditorAssemblies (623ms)
				LogAssemblyErrors (0ms)
				InitializePlatformSupportModulesInManaged (3ms)
				SetLoadedEditorAssemblies (0ms)
				RefreshPlugins (22ms)
				BeforeProcessingInitializeOnLoad (43ms)
				ProcessInitializeOnLoadAttributes (523ms)
				ProcessInitializeOnLoadMethodAttributes (12ms)
				AfterProcessingInitializeOnLoad (19ms)
				EditorAssembliesLoaded (0ms)
			ExecutionOrderSort2 (0ms)
			AwakeInstancesAfterBackupRestoration (7ms)
Platform modules already initialized, skipping
========================================================================
Worker process is ready to serve import requests
Shader 'Unreal/MI_Plant_Flower_00': fallback shader 'Hidden/Shader Graph/FallbackError' not found
Shader 'Unreal/MI_Tree_00': fallback shader 'Hidden/Shader Graph/FallbackError' not found
Shader 'Unreal/MI_Sticks_Medium_06': fallback shader 'Hidden/Shader Graph/FallbackError' not found
Shader 'Unreal/MI_Plant_Leaf_00': fallback shader 'Hidden/Shader Graph/FallbackError' not found
Shader 'Unreal/MI_Rocks_Medium_01_Moss': fallback shader 'Hidden/Shader Graph/FallbackError' not found
Shader 'Unreal/MI_Mushroom_08_Night': fallback shader 'Hidden/Shader Graph/FallbackError' not found
Shader 'Unreal/MI_Fern': fallback shader 'Hidden/Shader Graph/FallbackError' not found
Shader 'Unreal/MI_Mushroom_00_Night': fallback shader 'Hidden/Shader Graph/FallbackError' not found
Shader 'Unreal/MI_Mushroom_02_Night': fallback shader 'Hidden/Shader Graph/FallbackError' not found
Shader 'Unreal/MI_Sticks_Small_01': fallback shader 'Hidden/Shader Graph/FallbackError' not found
Shader 'Unreal/MI_Grass_13': fallback shader 'Hidden/Shader Graph/FallbackError' not found
Shader 'Unreal/MI_Rocks_Large_01_Moss': fallback shader 'Hidden/Shader Graph/FallbackError' not found
Shader 'Unreal/MI_Mushroom_07_Night': fallback shader 'Hidden/Shader Graph/FallbackError' not found
Shader 'Unreal/MI_Mushroom_09_Night': fallback shader 'Hidden/Shader Graph/FallbackError' not found
Shader 'Unreal/MI_Mushroom_01_Night': fallback shader 'Hidden/Shader Graph/FallbackError' not found
Shader 'Unreal/MI_Mushroom_10_Night': fallback shader 'Hidden/Shader Graph/FallbackError' not found
Shader 'Unreal/MI_Rock_00': fallback shader 'Hidden/Shader Graph/FallbackError' not found
Shader 'Unreal/MI_Mushroom_06_Night': fallback shader 'Hidden/Shader Graph/FallbackError' not found
Shader 'Unreal/MI_Rock_04': fallback shader 'Hidden/Shader Graph/FallbackError' not found
Shader 'Unreal/MI_Mushroom_03_Night': fallback shader 'Hidden/Shader Graph/FallbackError' not found
Shader 'Unreal/MI_Rock_02': fallback shader 'Hidden/Shader Graph/FallbackError' not found
Shader 'Unreal/MI_Plant_Stem_00': fallback shader 'Hidden/Shader Graph/FallbackError' not found
Shader 'Unreal/MI_Mushroom_11_Night': fallback shader 'Hidden/Shader Graph/FallbackError' not found
Shader 'Unreal/MI_Grass_09': fallback shader 'Hidden/Shader Graph/FallbackError' not found
Shader 'Unreal/MI_Mushroom_04_Night': fallback shader 'Hidden/Shader Graph/FallbackError' not found
Shader 'Unreal/MI_Swamp_3': fallback shader 'Hidden/Shader Graph/FallbackError' not found
Shader 'Unreal/MI_Rocks_Small_Moss': fallback shader 'Hidden/Shader Graph/FallbackError' not found
Shader 'Unreal/MI_Mushroom_05_Night': fallback shader 'Hidden/Shader Graph/FallbackError' not found
Shader 'Unreal/MI_Sticks_Large_03': fallback shader 'Hidden/Shader Graph/FallbackError' not found
Shader 'Unreal/MI_Swamp': fallback shader 'Hidden/Shader Graph/FallbackError' not found
Shader 'Unreal/MI_Rocks_Medium_07_Moss': fallback shader 'Hidden/Shader Graph/FallbackError' not found
Shader 'Unreal/MI_Sticks_Medium_01': fallback shader 'Hidden/Shader Graph/FallbackError' not found
Shader 'Unreal/MI_Sticks_Small_09': fallback shader 'Hidden/Shader Graph/FallbackError' not found
Shader 'Unreal/MI_Rocks_Large_06_Moss': fallback shader 'Hidden/Shader Graph/FallbackError' not found
Shader 'Unreal/MI_Sticks_Large_01': fallback shader 'Hidden/Shader Graph/FallbackError' not found
Shader 'Unreal/MI_Rock_03': fallback shader 'Hidden/Shader Graph/FallbackError' not found
Shader 'Unreal/MI_Grass_13': fallback shader 'Hidden/Shader Graph/FallbackError' not found
Shader 'Unreal/MI_Mushroom_10_Night': fallback shader 'Hidden/Shader Graph/FallbackError' not found
Shader 'Unreal/MI_Mushroom_09_Night': fallback shader 'Hidden/Shader Graph/FallbackError' not found
Shader 'Unreal/MI_Rocks_Medium_07_Moss': fallback shader 'Hidden/Shader Graph/FallbackError' not found
Shader 'Unreal/MI_Swamp': fallback shader 'Hidden/Shader Graph/FallbackError' not found
Shader 'Unreal/MI_Rock_00': fallback shader 'Hidden/Shader Graph/FallbackError' not found
Shader 'Unreal/MI_Tree_00': fallback shader 'Hidden/Shader Graph/FallbackError' not found
Shader 'Unreal/MI_Sticks_Small_01': fallback shader 'Hidden/Shader Graph/FallbackError' not found
Shader 'Unreal/MI_Rock_03': fallback shader 'Hidden/Shader Graph/FallbackError' not found
Shader 'Unreal/MI_Rocks_Small_Moss': fallback shader 'Hidden/Shader Graph/FallbackError' not found
Shader 'Unreal/MI_Plant_Stem_00': fallback shader 'Hidden/Shader Graph/FallbackError' not found
Shader 'Unreal/MI_Mushroom_03_Night': fallback shader 'Hidden/Shader Graph/FallbackError' not found
Shader 'Unreal/MI_Mushroom_02_Night': fallback shader 'Hidden/Shader Graph/FallbackError' not found
Shader 'Unreal/MI_Mushroom_06_Night': fallback shader 'Hidden/Shader Graph/FallbackError' not found
Shader 'Unreal/MI_Mushroom_08_Night': fallback shader 'Hidden/Shader Graph/FallbackError' not found
Shader 'Unreal/MI_Sticks_Medium_06': fallback shader 'Hidden/Shader Graph/FallbackError' not found
Shader 'Unreal/MI_Fern': fallback shader 'Hidden/Shader Graph/FallbackError' not found
Shader 'Unreal/MI_Rock_02': fallback shader 'Hidden/Shader Graph/FallbackError' not found
Shader 'Unreal/MI_Mushroom_01_Night': fallback shader 'Hidden/Shader Graph/FallbackError' not found
Shader 'Unreal/MI_Swamp_3': fallback shader 'Hidden/Shader Graph/FallbackError' not found
Shader 'Unreal/MI_Rocks_Medium_01_Moss': fallback shader 'Hidden/Shader Graph/FallbackError' not found
Shader 'Unreal/MI_Sticks_Large_01': fallback shader 'Hidden/Shader Graph/FallbackError' not found
Shader 'Unreal/MI_Rocks_Large_01_Moss': fallback shader 'Hidden/Shader Graph/FallbackError' not found
Shader 'Unreal/MI_Mushroom_04_Night': fallback shader 'Hidden/Shader Graph/FallbackError' not found
Shader 'Unreal/MI_Mushroom_07_Night': fallback shader 'Hidden/Shader Graph/FallbackError' not found
Shader 'Unreal/MI_Sticks_Large_03': fallback shader 'Hidden/Shader Graph/FallbackError' not found
Shader 'Unreal/MI_Sticks_Medium_01': fallback shader 'Hidden/Shader Graph/FallbackError' not found
Shader 'Unreal/MI_Sticks_Small_09': fallback shader 'Hidden/Shader Graph/FallbackError' not found
Shader 'Unreal/MI_Plant_Flower_00': fallback shader 'Hidden/Shader Graph/FallbackError' not found
Shader 'Unreal/MI_Plant_Leaf_00': fallback shader 'Hidden/Shader Graph/FallbackError' not found
Shader 'Unreal/MI_Rock_04': fallback shader 'Hidden/Shader Graph/FallbackError' not found
Shader 'Unreal/MI_Mushroom_05_Night': fallback shader 'Hidden/Shader Graph/FallbackError' not found
Shader 'Unreal/MI_Mushroom_11_Night': fallback shader 'Hidden/Shader Graph/FallbackError' not found
Shader 'Unreal/MI_Rocks_Large_06_Moss': fallback shader 'Hidden/Shader Graph/FallbackError' not found
Shader 'Unreal/MI_Grass_09': fallback shader 'Hidden/Shader Graph/FallbackError' not found
Shader 'Unreal/MI_Mushroom_00_Night': fallback shader 'Hidden/Shader Graph/FallbackError' not found
Launched and connected shader compiler UnityShaderCompiler.exe after 0.06 seconds
Refreshing native plugins compatible for Editor in 0.31 ms, found 2 plugins.
Preloading 0 native plugins for Editor in 0.00 ms.
Unloading 1976 Unused Serialized files (Serialized files now loaded: 0)
Unloading 53 unused Assets / (30.2 MB). Loaded Objects now: 2433.
Memory consumption went from 160.3 MB to 130.0 MB.
Total: 5.736600 ms (FindLiveObjects: 0.128300 ms CreateObjectMapping: 0.037100 ms MarkObjects: 1.973600 ms  DeleteObjects: 3.596400 ms)

AssetImportParameters requested are different than current active one (requested -> active):
  custom:video-decoder-ogg-theora: a1e56fd34408186e4bbccfd4996cb3dc -> 
  custom:container-muxer-webm: aa71ff27fc2769a1b78a27578f13a17b -> 
  custom:container-demuxer-webm: 4f35f7cbe854078d1ac9338744f61a02 -> 
  custom:video-encoder-webm-vp8: eb34c28f22e8b96e1ab97ce403110664 -> 
  custom:video-codec-MediaFoundation-h265: 746d11721c4dcdbdad8f713fa42b33f4 -> 
  custom:CustomObjectIndexerAttribute: bc11b3a6c3213fcdd17b65e7da85e133 -> 
  custom:audio-encoder-webm-vorbis: bf7c407c2cedff20999df2af8eb42d56 -> 
  custom:framework-win-MediaFoundation: 216162199b28c13a410421893ffa2e32 -> 
  custom:SearchIndexIgnoredProperties: e643bd26f0fe6173181afceb89e7c659 -> 
  custom:container-demuxer-ogg: 62fdf1f143b41e24485cea50d1cbac27 -> 
  custom:video-decoder-webm-vp8: 9c59270c3fd7afecdb556c50c9e8de78 -> 
  custom:audio-decoder-ogg-vorbis: bf7c407c2cedff20999df2af8eb42d56 -> 
========================================================================
Received Import Request.
  Time since last request: 390941.100655 seconds.
  path: Assets/Mushroom_Forest/Readme.txt
  artifactKey: Guid(74ec0fd7f9df50942ba260e5cdd25b5b) Importer(815301076,1909f56bfc062723c751e8b465ee728b)
Number of updated assets reloaded before import = 0
Start importing Assets/Mushroom_Forest/Readme.txt using Guid(74ec0fd7f9df50942ba260e5cdd25b5b) Importer(815301076,1909f56bfc062723c751e8b465ee728b)  -> (artifact id: '3a5da75d0d7b54e23241e9efc8442857') in 0.087948 seconds 
Number of asset objects unloaded after import = 1
========================================================================
Received Import Request.
  Time since last request: 28.635519 seconds.
  path: Assets/Mushroom_Forest/BuiltIn
  artifactKey: Guid(8c1fd0f488a654c4c87c05da71439cf0) Importer(815301076,1909f56bfc062723c751e8b465ee728b)
Number of updated assets reloaded before import = 0
Start importing Assets/Mushroom_Forest/BuiltIn using Guid(8c1fd0f488a654c4c87c05da71439cf0) Importer(815301076,1909f56bfc062723c751e8b465ee728b)  -> (artifact id: 'f8d507f6d5f0e7faa7e7f219a4bd1336') in 0.002360 seconds 
Number of asset objects unloaded after import = 0
========================================================================
Received Import Request.
  Time since last request: 1.048296 seconds.
  path: Assets/Mushroom_Forest/BuiltIn/Materials
  artifactKey: Guid(bc6bc711a7a1a6447bd6832084c1e2cf) Importer(815301076,1909f56bfc062723c751e8b465ee728b)
Number of updated assets reloaded before import = 0
Start importing Assets/Mushroom_Forest/BuiltIn/Materials using Guid(bc6bc711a7a1a6447bd6832084c1e2cf) Importer(815301076,1909f56bfc062723c751e8b465ee728b)  -> (artifact id: '5cbc55a3a00154ae6850f9040ed22bc8') in 0.003085 seconds 
Number of asset objects unloaded after import = 0
========================================================================
Received Import Request.
  Time since last request: 0.000127 seconds.
  path: Assets/Mushroom_Forest/BuiltIn/Materials/M_Magic.mat
  artifactKey: Guid(5c9dc433d2e463c4f8d8a82700883608) Importer(815301076,1909f56bfc062723c751e8b465ee728b)
Number of updated assets reloaded before import = 0
Start importing Assets/Mushroom_Forest/BuiltIn/Materials/M_Magic.mat using Guid(5c9dc433d2e463c4f8d8a82700883608) Importer(815301076,1909f56bfc062723c751e8b465ee728b)  -> (artifact id: '4a63f44c1ea077e48a29a62cddc41e8a') in 0.206871 seconds 
Number of asset objects unloaded after import = 2
========================================================================
Received Import Request.
  Time since last request: 0.000016 seconds.
  path: Assets/Mushroom_Forest/BuiltIn/Materials/MI_Mushroom_11_Night.mat
  artifactKey: Guid(abc00000000016046546182735839799) Importer(815301076,1909f56bfc062723c751e8b465ee728b)
Number of updated assets reloaded before import = 0
Start importing Assets/Mushroom_Forest/BuiltIn/Materials/MI_Mushroom_11_Night.mat using Guid(abc00000000016046546182735839799) Importer(815301076,1909f56bfc062723c751e8b465ee728b)  -> (artifact id: '25b574929bc52bb5a817bad9e681f1ca') in 0.490239 seconds 
Number of asset objects unloaded after import = 5
========================================================================
Received Import Request.
  Time since last request: 0.000032 seconds.
  path: Assets/Mushroom_Forest/BuiltIn/Materials/MI_Mushroom_09_Night.mat
  artifactKey: Guid(abc00000000006285457375200127473) Importer(815301076,1909f56bfc062723c751e8b465ee728b)
Number of updated assets reloaded before import = 0
Start importing Assets/Mushroom_Forest/BuiltIn/Materials/MI_Mushroom_09_Night.mat using Guid(abc00000000006285457375200127473) Importer(815301076,1909f56bfc062723c751e8b465ee728b)  -> (artifact id: '6fe8b985c63a5032d5725ce06166de7e') in 0.426964 seconds 
Number of asset objects unloaded after import = 5
========================================================================
Received Import Request.
  Time since last request: 0.000022 seconds.
  path: Assets/Mushroom_Forest/BuiltIn/Materials/MI_Mushroom_06_Night.mat
  artifactKey: Guid(abc00000000015981572079372423940) Importer(815301076,1909f56bfc062723c751e8b465ee728b)
Number of updated assets reloaded before import = 0
Start importing Assets/Mushroom_Forest/BuiltIn/Materials/MI_Mushroom_06_Night.mat using Guid(abc00000000015981572079372423940) Importer(815301076,1909f56bfc062723c751e8b465ee728b)  -> (artifact id: '9fdb44da7076b6482334e07e002e5f37') in 0.434868 seconds 
Number of asset objects unloaded after import = 5
========================================================================
Received Import Request.
  Time since last request: 0.000022 seconds.
  path: Assets/Mushroom_Forest/BuiltIn/Materials/MI_Rocks_Medium_01_Moss.mat
  artifactKey: Guid(abc00000000018309570712133495581) Importer(815301076,1909f56bfc062723c751e8b465ee728b)
Number of updated assets reloaded before import = 0
Start importing Assets/Mushroom_Forest/BuiltIn/Materials/MI_Rocks_Medium_01_Moss.mat using Guid(abc00000000018309570712133495581) Importer(815301076,1909f56bfc062723c751e8b465ee728b)  -> (artifact id: 'ebe25b29fb4eb35fe20016835286c0e6') in 0.504400 seconds 
Number of asset objects unloaded after import = 5
========================================================================
Received Import Request.
  Time since last request: 0.000020 seconds.
  path: Assets/Mushroom_Forest/BuiltIn/Materials/MI_Sticks_Small_01.mat
  artifactKey: Guid(abc00000000018350814760960283855) Importer(815301076,1909f56bfc062723c751e8b465ee728b)
Number of updated assets reloaded before import = 0
Start importing Assets/Mushroom_Forest/BuiltIn/Materials/MI_Sticks_Small_01.mat using Guid(abc00000000018350814760960283855) Importer(815301076,1909f56bfc062723c751e8b465ee728b)  -> (artifact id: '4b945a2bd8234d1acb0a10d16c004a31') in 0.450041 seconds 
Number of asset objects unloaded after import = 4
========================================================================
Received Import Request.
  Time since last request: 0.000020 seconds.
  path: Assets/Mushroom_Forest/BuiltIn/Materials/MI_Sticks_Medium_06.mat
  artifactKey: Guid(abc00000000009717589553699360708) Importer(815301076,1909f56bfc062723c751e8b465ee728b)
Number of updated assets reloaded before import = 0
Start importing Assets/Mushroom_Forest/BuiltIn/Materials/MI_Sticks_Medium_06.mat using Guid(abc00000000009717589553699360708) Importer(815301076,1909f56bfc062723c751e8b465ee728b)  -> (artifact id: '5e8222506bb4d69f59b48d4985be3dd3') in 0.462569 seconds 
Number of asset objects unloaded after import = 4
========================================================================
Received Import Request.
  Time since last request: 0.000019 seconds.
  path: Assets/Mushroom_Forest/BuiltIn/Materials/MI_Tree_00.mat
  artifactKey: Guid(abc00000000015858737550081699926) Importer(815301076,1909f56bfc062723c751e8b465ee728b)
Number of updated assets reloaded before import = 0
Start importing Assets/Mushroom_Forest/BuiltIn/Materials/MI_Tree_00.mat using Guid(abc00000000015858737550081699926) Importer(815301076,1909f56bfc062723c751e8b465ee728b)  -> (artifact id: 'f4bb2bd61d1b2221121da4f47228f603') in 0.440014 seconds 
Number of asset objects unloaded after import = 5
========================================================================
Received Import Request.
  Time since last request: 0.000029 seconds.
  path: Assets/Mushroom_Forest/BuiltIn/Materials/MI_Mushroom_03_Night.mat
  artifactKey: Guid(abc00000000000552642304793118066) Importer(815301076,1909f56bfc062723c751e8b465ee728b)
Number of updated assets reloaded before import = 0
Start importing Assets/Mushroom_Forest/BuiltIn/Materials/MI_Mushroom_03_Night.mat using Guid(abc00000000000552642304793118066) Importer(815301076,1909f56bfc062723c751e8b465ee728b)  -> (artifact id: 'a61c525632346638f08723d16d0b4ea4') in 0.442592 seconds 
Number of asset objects unloaded after import = 5
========================================================================
Received Import Request.
  Time since last request: 0.000037 seconds.
  path: Assets/Mushroom_Forest/BuiltIn/Materials/MI_Mushroom_08_Night.mat
  artifactKey: Guid(abc00000000011110576102901190925) Importer(815301076,1909f56bfc062723c751e8b465ee728b)
Number of updated assets reloaded before import = 0
Start importing Assets/Mushroom_Forest/BuiltIn/Materials/MI_Mushroom_08_Night.mat using Guid(abc00000000011110576102901190925) Importer(815301076,1909f56bfc062723c751e8b465ee728b)  -> (artifact id: '1821f097e1b8f3870cae4c5d177d7119') in 0.435416 seconds 
Number of asset objects unloaded after import = 5
========================================================================
Received Import Request.
  Time since last request: 0.000068 seconds.
  path: Assets/Mushroom_Forest/BuiltIn/Materials/MI_Mushroom_07_Night.mat
  artifactKey: Guid(abc00000000004807169304930411159) Importer(815301076,1909f56bfc062723c751e8b465ee728b)
Number of updated assets reloaded before import = 0
Start importing Assets/Mushroom_Forest/BuiltIn/Materials/MI_Mushroom_07_Night.mat using Guid(abc00000000004807169304930411159) Importer(815301076,1909f56bfc062723c751e8b465ee728b)  -> (artifact id: 'd380ac8f6129951052d1924c1e3312c6') in 0.438152 seconds 
Number of asset objects unloaded after import = 5
========================================================================
Received Import Request.
  Time since last request: 0.000050 seconds.
  path: Assets/Mushroom_Forest/BuiltIn/Materials/MI_Rocks_Medium_07_Moss.mat
  artifactKey: Guid(abc00000000004018711819330382224) Importer(815301076,1909f56bfc062723c751e8b465ee728b)
Number of updated assets reloaded before import = 0
Start importing Assets/Mushroom_Forest/BuiltIn/Materials/MI_Rocks_Medium_07_Moss.mat using Guid(abc00000000004018711819330382224) Importer(815301076,1909f56bfc062723c751e8b465ee728b)  -> (artifact id: '0c511d8a69e430210ce3dbd3f20f56a1') in 0.644818 seconds 
Number of asset objects unloaded after import = 5
========================================================================
Received Import Request.
  Time since last request: 0.000029 seconds.
  path: Assets/Mushroom_Forest/BuiltIn/Materials/MI_Rocks_Large_01_Moss.mat
  artifactKey: Guid(abc00000000014630885943598206848) Importer(815301076,1909f56bfc062723c751e8b465ee728b)
Number of updated assets reloaded before import = 0
Start importing Assets/Mushroom_Forest/BuiltIn/Materials/MI_Rocks_Large_01_Moss.mat using Guid(abc00000000014630885943598206848) Importer(815301076,1909f56bfc062723c751e8b465ee728b)  -> (artifact id: 'a0d3297dd478e35d9c78ef179b84707e') in 0.534930 seconds 
Number of asset objects unloaded after import = 5
========================================================================
Received Import Request.
  Time since last request: 0.000027 seconds.
  path: Assets/Mushroom_Forest/BuiltIn/Materials/MI_Grass_09.mat
  artifactKey: Guid(abc00000000011015918020350419826) Importer(815301076,1909f56bfc062723c751e8b465ee728b)
Number of updated assets reloaded before import = 0
Start importing Assets/Mushroom_Forest/BuiltIn/Materials/MI_Grass_09.mat using Guid(abc00000000011015918020350419826) Importer(815301076,1909f56bfc062723c751e8b465ee728b)  -> (artifact id: '19e9955772a303f4ac88565a64ce2674') in 0.473519 seconds 
Number of asset objects unloaded after import = 4
========================================================================
Received Import Request.
  Time since last request: 0.000021 seconds.
  path: Assets/Mushroom_Forest/BuiltIn/Materials/MI_Grass_13.mat
  artifactKey: Guid(abc00000000014184819865538299326) Importer(815301076,1909f56bfc062723c751e8b465ee728b)
Number of updated assets reloaded before import = 0
Start importing Assets/Mushroom_Forest/BuiltIn/Materials/MI_Grass_13.mat using Guid(abc00000000014184819865538299326) Importer(815301076,1909f56bfc062723c751e8b465ee728b)  -> (artifact id: 'cb45a52dd3e85e2f165c713c45dfb6c4') in 0.489989 seconds 
Number of asset objects unloaded after import = 4
========================================================================
Received Import Request.
  Time since last request: 0.000016 seconds.
  path: Assets/Mushroom_Forest/BuiltIn/Materials/MI_Mushroom_02_Night.mat
  artifactKey: Guid(abc00000000001318243527534032035) Importer(815301076,1909f56bfc062723c751e8b465ee728b)
Number of updated assets reloaded before import = 0
Start importing Assets/Mushroom_Forest/BuiltIn/Materials/MI_Mushroom_02_Night.mat using Guid(abc00000000001318243527534032035) Importer(815301076,1909f56bfc062723c751e8b465ee728b)  -> (artifact id: '8472498d754df85460aceb47d84e6963') in 0.479968 seconds 
Number of asset objects unloaded after import = 5
========================================================================
Received Prepare
Registering precompiled user dll's ...
Registered in 0.017366 seconds.
Begin MonoManager ReloadAssembly
Native extension for WindowsStandalone target not found
Refreshing native plugins compatible for Editor in 0.37 ms, found 2 plugins.
Preloading 0 native plugins for Editor in 0.00 ms.
[Package Manager] Server::EnsureServerProcessIsRunning -- launch failed, reason: Unity was launched with the -noUpm command-line argument
[Package Manager] Cannot connect to Unity Package Manager local server
Mono: successfully reloaded assembly
- Completed reload, in  1.351 seconds
Domain Reload Profiling:
	ReloadAssembly (1352ms)
		BeginReloadAssembly (312ms)
			ExecutionOrderSort (0ms)
			DisableScriptedObjects (3ms)
			BackupInstance (0ms)
			ReleaseScriptingObjects (0ms)
			CreateAndSetChildDomain (28ms)
		EndReloadAssembly (894ms)
			LoadAssemblies (272ms)
			RebuildTransferFunctionScriptingTraits (0ms)
			SetupTypeCache (128ms)
			ReleaseScriptCaches (1ms)
			RebuildScriptCaches (29ms)
			SetupLoadedEditorAssemblies (586ms)
				LogAssemblyErrors (0ms)
				InitializePlatformSupportModulesInManaged (4ms)
				SetLoadedEditorAssemblies (0ms)
				RefreshPlugins (0ms)
				BeforeProcessingInitializeOnLoad (56ms)
				ProcessInitializeOnLoadAttributes (497ms)
				ProcessInitializeOnLoadMethodAttributes (15ms)
				AfterProcessingInitializeOnLoad (13ms)
				EditorAssembliesLoaded (0ms)
			ExecutionOrderSort2 (0ms)
			AwakeInstancesAfterBackupRestoration (5ms)
Platform modules already initialized, skipping
Shader 'Unreal/MI_Plant_Flower_00': fallback shader 'Hidden/Shader Graph/FallbackError' not found
Shader 'Unreal/MI_Tree_00': fallback shader 'Hidden/Shader Graph/FallbackError' not found
Shader 'Unreal/MI_Sticks_Medium_06': fallback shader 'Hidden/Shader Graph/FallbackError' not found
Shader 'Unreal/MI_Plant_Leaf_00': fallback shader 'Hidden/Shader Graph/FallbackError' not found
Shader 'Unreal/MI_Rocks_Medium_01_Moss': fallback shader 'Hidden/Shader Graph/FallbackError' not found
Shader 'Unreal/MI_Mushroom_08_Night': fallback shader 'Hidden/Shader Graph/FallbackError' not found
Shader 'Unreal/MI_Fern': fallback shader 'Hidden/Shader Graph/FallbackError' not found
Shader 'Unreal/MI_Mushroom_00_Night': fallback shader 'Hidden/Shader Graph/FallbackError' not found
Shader 'Unreal/MI_Mushroom_02_Night': fallback shader 'Hidden/Shader Graph/FallbackError' not found
Shader 'Unreal/MI_Sticks_Small_01': fallback shader 'Hidden/Shader Graph/FallbackError' not found
Shader 'Unreal/MI_Grass_13': fallback shader 'Hidden/Shader Graph/FallbackError' not found
Shader 'Unreal/MI_Rocks_Large_01_Moss': fallback shader 'Hidden/Shader Graph/FallbackError' not found
Shader 'Unreal/MI_Mushroom_07_Night': fallback shader 'Hidden/Shader Graph/FallbackError' not found
Shader 'Unreal/MI_Mushroom_09_Night': fallback shader 'Hidden/Shader Graph/FallbackError' not found
Shader 'Unreal/MI_Mushroom_01_Night': fallback shader 'Hidden/Shader Graph/FallbackError' not found
Shader 'Unreal/MI_Mushroom_10_Night': fallback shader 'Hidden/Shader Graph/FallbackError' not found
Shader 'Unreal/MI_Rock_00': fallback shader 'Hidden/Shader Graph/FallbackError' not found
Shader 'Unreal/MI_Mushroom_06_Night': fallback shader 'Hidden/Shader Graph/FallbackError' not found
Shader 'Unreal/MI_Rock_04': fallback shader 'Hidden/Shader Graph/FallbackError' not found
Shader 'Unreal/MI_Mushroom_03_Night': fallback shader 'Hidden/Shader Graph/FallbackError' not found
Shader 'Unreal/MI_Rock_02': fallback shader 'Hidden/Shader Graph/FallbackError' not found
Shader 'Unreal/MI_Plant_Stem_00': fallback shader 'Hidden/Shader Graph/FallbackError' not found
Shader 'Unreal/MI_Mushroom_11_Night': fallback shader 'Hidden/Shader Graph/FallbackError' not found
Shader 'Unreal/MI_Grass_09': fallback shader 'Hidden/Shader Graph/FallbackError' not found
Shader 'Unreal/MI_Mushroom_04_Night': fallback shader 'Hidden/Shader Graph/FallbackError' not found
Shader 'Unreal/MI_Swamp_3': fallback shader 'Hidden/Shader Graph/FallbackError' not found
Shader 'Unreal/MI_Rocks_Small_Moss': fallback shader 'Hidden/Shader Graph/FallbackError' not found
Shader 'Unreal/MI_Mushroom_05_Night': fallback shader 'Hidden/Shader Graph/FallbackError' not found
Shader 'Unreal/MI_Sticks_Large_03': fallback shader 'Hidden/Shader Graph/FallbackError' not found
Shader 'Unreal/MI_Swamp': fallback shader 'Hidden/Shader Graph/FallbackError' not found
Shader 'Unreal/MI_Rocks_Medium_07_Moss': fallback shader 'Hidden/Shader Graph/FallbackError' not found
Shader 'Unreal/MI_Sticks_Medium_01': fallback shader 'Hidden/Shader Graph/FallbackError' not found
Shader 'Unreal/MI_Sticks_Small_09': fallback shader 'Hidden/Shader Graph/FallbackError' not found
Shader 'Unreal/MI_Rocks_Large_06_Moss': fallback shader 'Hidden/Shader Graph/FallbackError' not found
Shader 'Unreal/MI_Sticks_Large_01': fallback shader 'Hidden/Shader Graph/FallbackError' not found
Shader 'Unreal/MI_Rock_03': fallback shader 'Hidden/Shader Graph/FallbackError' not found
Shader 'Unreal/MI_Sticks_Large_01': fallback shader 'Hidden/Shader Graph/FallbackError' not found
Shader 'Unreal/MI_Mushroom_09_Night': fallback shader 'Hidden/Shader Graph/FallbackError' not found
Shader 'Unreal/MI_Plant_Flower_00': fallback shader 'Hidden/Shader Graph/FallbackError' not found
Shader 'Unreal/MI_Tree_00': fallback shader 'Hidden/Shader Graph/FallbackError' not found
Shader 'Unreal/MI_Mushroom_01_Night': fallback shader 'Hidden/Shader Graph/FallbackError' not found
Shader 'Unreal/MI_Mushroom_03_Night': fallback shader 'Hidden/Shader Graph/FallbackError' not found
Shader 'Unreal/MI_Mushroom_04_Night': fallback shader 'Hidden/Shader Graph/FallbackError' not found
Shader 'Unreal/MI_Mushroom_06_Night': fallback shader 'Hidden/Shader Graph/FallbackError' not found
Shader 'Unreal/MI_Swamp': fallback shader 'Hidden/Shader Graph/FallbackError' not found
Shader 'Unreal/MI_Mushroom_02_Night': fallback shader 'Hidden/Shader Graph/FallbackError' not found
Shader 'Unreal/MI_Rocks_Large_06_Moss': fallback shader 'Hidden/Shader Graph/FallbackError' not found
Shader 'Unreal/MI_Rocks_Medium_01_Moss': fallback shader 'Hidden/Shader Graph/FallbackError' not found
Shader 'Unreal/MI_Grass_13': fallback shader 'Hidden/Shader Graph/FallbackError' not found
Shader 'Unreal/MI_Mushroom_11_Night': fallback shader 'Hidden/Shader Graph/FallbackError' not found
Shader 'Unreal/MI_Sticks_Large_03': fallback shader 'Hidden/Shader Graph/FallbackError' not found
Shader 'Unreal/MI_Mushroom_05_Night': fallback shader 'Hidden/Shader Graph/FallbackError' not found
Shader 'Unreal/MI_Sticks_Small_01': fallback shader 'Hidden/Shader Graph/FallbackError' not found
Shader 'Unreal/MI_Plant_Leaf_00': fallback shader 'Hidden/Shader Graph/FallbackError' not found
Shader 'Unreal/MI_Plant_Stem_00': fallback shader 'Hidden/Shader Graph/FallbackError' not found
Shader 'Unreal/MI_Mushroom_07_Night': fallback shader 'Hidden/Shader Graph/FallbackError' not found
Shader 'Unreal/MI_Mushroom_00_Night': fallback shader 'Hidden/Shader Graph/FallbackError' not found
Shader 'Unreal/MI_Rocks_Large_01_Moss': fallback shader 'Hidden/Shader Graph/FallbackError' not found
Shader 'Unreal/MI_Rocks_Small_Moss': fallback shader 'Hidden/Shader Graph/FallbackError' not found
Shader 'Unreal/MI_Grass_09': fallback shader 'Hidden/Shader Graph/FallbackError' not found
Shader 'Unreal/MI_Sticks_Small_09': fallback shader 'Hidden/Shader Graph/FallbackError' not found
Shader 'Unreal/MI_Sticks_Medium_06': fallback shader 'Hidden/Shader Graph/FallbackError' not found
Shader 'Unreal/MI_Mushroom_08_Night': fallback shader 'Hidden/Shader Graph/FallbackError' not found
Shader 'Unreal/MI_Mushroom_10_Night': fallback shader 'Hidden/Shader Graph/FallbackError' not found
Shader 'Unreal/MI_Rock_00': fallback shader 'Hidden/Shader Graph/FallbackError' not found
Shader 'Unreal/MI_Swamp_3': fallback shader 'Hidden/Shader Graph/FallbackError' not found
Shader 'Unreal/MI_Rocks_Medium_07_Moss': fallback shader 'Hidden/Shader Graph/FallbackError' not found
Shader 'Unreal/MI_Rock_02': fallback shader 'Hidden/Shader Graph/FallbackError' not found
Shader 'Unreal/MI_Sticks_Medium_01': fallback shader 'Hidden/Shader Graph/FallbackError' not found
Shader 'Unreal/MI_Rock_04': fallback shader 'Hidden/Shader Graph/FallbackError' not found
Shader 'Unreal/MI_Rock_03': fallback shader 'Hidden/Shader Graph/FallbackError' not found
Shader 'Unreal/MI_Fern': fallback shader 'Hidden/Shader Graph/FallbackError' not found
Refreshing native plugins compatible for Editor in 0.31 ms, found 2 plugins.
Preloading 0 native plugins for Editor in 0.00 ms.
Unloading 1923 Unused Serialized files (Serialized files now loaded: 0)
Unloading 48 unused Assets / (30.2 MB). Loaded Objects now: 2478.
Memory consumption went from 159.8 MB to 129.6 MB.
Total: 6.085900 ms (FindLiveObjects: 0.128100 ms CreateObjectMapping: 0.037000 ms MarkObjects: 2.003700 ms  DeleteObjects: 3.916100 ms)

AssetImportParameters requested are different than current active one (requested -> active):
  custom:video-decoder-ogg-theora: a1e56fd34408186e4bbccfd4996cb3dc -> 
  custom:container-muxer-webm: aa71ff27fc2769a1b78a27578f13a17b -> 
  custom:container-demuxer-webm: 4f35f7cbe854078d1ac9338744f61a02 -> 
  custom:video-encoder-webm-vp8: eb34c28f22e8b96e1ab97ce403110664 -> 
  custom:video-codec-MediaFoundation-h265: 746d11721c4dcdbdad8f713fa42b33f4 -> 
  custom:CustomObjectIndexerAttribute: bc11b3a6c3213fcdd17b65e7da85e133 -> 
  custom:audio-encoder-webm-vorbis: bf7c407c2cedff20999df2af8eb42d56 -> 
  custom:framework-win-MediaFoundation: 216162199b28c13a410421893ffa2e32 -> 
  custom:SearchIndexIgnoredProperties: e643bd26f0fe6173181afceb89e7c659 -> 
  custom:container-demuxer-ogg: 62fdf1f143b41e24485cea50d1cbac27 -> 
  custom:video-decoder-webm-vp8: 9c59270c3fd7afecdb556c50c9e8de78 -> 
  custom:audio-decoder-ogg-vorbis: bf7c407c2cedff20999df2af8eb42d56 -> 
Editor requested this worker to shutdown with reason: Scaling down because of idle timeout
AssetImportWorker is now disconnected from the server
Process exiting
Exiting without the bug reporter. Application will terminate with return code 0